<?xml version="1.0" encoding="UTF-8"?>
<testng-results ignored="0" total="1" passed="1" failed="0" skipped="0">
  <reporter-output>
  </reporter-output>
  <suite started-at="2026-02-11T11:30:20 IST" name="Default suite" finished-at="2026-02-11T11:30:20 IST" duration-ms="28">
    <groups>
    </groups>
    <test started-at="2026-02-11T11:30:20 IST" name="Default test" finished-at="2026-02-11T11:30:20 IST" duration-ms="28">
      <class name="com.ecommerce.TestSample">
        <test-method signature="testSample()[pri:0, instance:com.ecommerce.TestSample@3eb738bb]" started-at="2026-02-11T11:30:20 IST" name="testSample" finished-at="2026-02-11T11:30:20 IST" duration-ms="7" status="PASS">
          <reporter-output>
          </reporter-output>
        </test-method> <!-- testSample -->
      </class> <!-- com.ecommerce.TestSample -->
    </test> <!-- Default test -->
  </suite> <!-- Default suite -->
</testng-results>
