<?xml version="1.0" encoding="UTF-8"?>
<testng-results ignored="0" total="1" passed="1" failed="0" skipped="0">
  <reporter-output>
  </reporter-output>
  <suite started-at="2026-02-16T10:29:46 IST" name="Default suite" finished-at="2026-02-16T10:29:58 IST" duration-ms="11229">
    <groups>
    </groups>
    <test started-at="2026-02-16T10:29:46 IST" name="Default test" finished-at="2026-02-16T10:29:58 IST" duration-ms="11229">
      <class name="tests.ContactUsTest">
        <test-method is-config="true" signature="setUp()[pri:0, instance:tests.ContactUsTest@408d971b]" started-at="2026-02-16T10:29:46 IST" name="setUp" finished-at="2026-02-16T10:29:55 IST" duration-ms="9016" status="PASS">
          <reporter-output>
          </reporter-output>
        </test-method> <!-- setUp -->
        <test-method signature="verifyFileUploadFieldEnabled()[pri:0, instance:tests.ContactUsTest@408d971b]" started-at="2026-02-16T10:29:55 IST" name="verifyFileUploadFieldEnabled" finished-at="2026-02-16T10:29:57 IST" duration-ms="1989" status="PASS">
          <reporter-output>
          </reporter-output>
        </test-method> <!-- verifyFileUploadFieldEnabled -->
        <test-method is-config="true" signature="tearDown()[pri:0, instance:tests.ContactUsTest@408d971b]" started-at="2026-02-16T10:29:57 IST" name="tearDown" finished-at="2026-02-16T10:29:58 IST" duration-ms="189" status="PASS">
          <reporter-output>
          </reporter-output>
        </test-method> <!-- tearDown -->
      </class> <!-- tests.ContactUsTest -->
    </test> <!-- Default test -->
  </suite> <!-- Default suite -->
</testng-results>
