<?xml version="1.0" encoding="UTF-8"?>
<testng-results ignored="0" total="5" passed="5" failed="0" skipped="0">
  <reporter-output>
  </reporter-output>
  <suite started-at="2026-02-15T01:40:13 IST" name="Default suite" finished-at="2026-02-15T01:40:58 IST" duration-ms="45159">
    <groups>
    </groups>
    <test started-at="2026-02-15T01:40:13 IST" name="Default test" finished-at="2026-02-15T01:40:58 IST" duration-ms="45159">
      <class name="tests.HomePageTest">
        <test-method is-config="true" signature="setUp()[pri:0, instance:tests.HomePageTest@77847718]" started-at="2026-02-15T01:40:13 IST" name="setUp" finished-at="2026-02-15T01:40:21 IST" duration-ms="7843" status="PASS">
          <reporter-output>
          </reporter-output>
        </test-method> <!-- setUp -->
        <test-method signature="verifyCategorySectionVisible()[pri:0, instance:tests.HomePageTest@77847718]" started-at="2026-02-15T01:40:21 IST" name="verifyCategorySectionVisible" finished-at="2026-02-15T01:40:21 IST" duration-ms="170" status="PASS">
          <reporter-output>
          </reporter-output>
        </test-method> <!-- verifyCategorySectionVisible -->
        <test-method is-config="true" signature="tearDown()[pri:0, instance:tests.HomePageTest@77847718]" started-at="2026-02-15T01:40:21 IST" name="tearDown" finished-at="2026-02-15T01:40:21 IST" duration-ms="284" status="PASS">
          <reporter-output>
          </reporter-output>
        </test-method> <!-- tearDown -->
        <test-method is-config="true" signature="setUp()[pri:0, instance:tests.HomePageTest@77847718]" started-at="2026-02-15T01:40:21 IST" name="setUp" finished-at="2026-02-15T01:40:34 IST" duration-ms="13054" status="PASS">
          <reporter-output>
          </reporter-output>
        </test-method> <!-- setUp -->
        <test-method signature="verifyFeaturedItemsSection()[pri:0, instance:tests.HomePageTest@77847718]" started-at="2026-02-15T01:40:34 IST" name="verifyFeaturedItemsSection" finished-at="2026-02-15T01:40:34 IST" duration-ms="89" status="PASS">
          <reporter-output>
          </reporter-output>
        </test-method> <!-- verifyFeaturedItemsSection -->
        <test-method is-config="true" signature="tearDown()[pri:0, instance:tests.HomePageTest@77847718]" started-at="2026-02-15T01:40:34 IST" name="tearDown" finished-at="2026-02-15T01:40:35 IST" duration-ms="343" status="PASS">
          <reporter-output>
          </reporter-output>
        </test-method> <!-- tearDown -->
        <test-method is-config="true" signature="setUp()[pri:0, instance:tests.HomePageTest@77847718]" started-at="2026-02-15T01:40:35 IST" name="setUp" finished-at="2026-02-15T01:40:42 IST" duration-ms="7173" status="PASS">
          <reporter-output>
          </reporter-output>
        </test-method> <!-- setUp -->
        <test-method signature="verifyFooterVisible()[pri:0, instance:tests.HomePageTest@77847718]" started-at="2026-02-15T01:40:42 IST" name="verifyFooterVisible" finished-at="2026-02-15T01:40:42 IST" duration-ms="116" status="PASS">
          <reporter-output>
          </reporter-output>
        </test-method> <!-- verifyFooterVisible -->
        <test-method is-config="true" signature="tearDown()[pri:0, instance:tests.HomePageTest@77847718]" started-at="2026-02-15T01:40:42 IST" name="tearDown" finished-at="2026-02-15T01:40:42 IST" duration-ms="270" status="PASS">
          <reporter-output>
          </reporter-output>
        </test-method> <!-- tearDown -->
        <test-method is-config="true" signature="setUp()[pri:0, instance:tests.HomePageTest@77847718]" started-at="2026-02-15T01:40:42 IST" name="setUp" finished-at="2026-02-15T01:40:49 IST" duration-ms="7271" status="PASS">
          <reporter-output>
          </reporter-output>
        </test-method> <!-- setUp -->
        <test-method signature="verifyHomePageLoaded()[pri:0, instance:tests.HomePageTest@77847718]" started-at="2026-02-15T01:40:49 IST" name="verifyHomePageLoaded" finished-at="2026-02-15T01:40:50 IST" duration-ms="71" status="PASS">
          <reporter-output>
          </reporter-output>
        </test-method> <!-- verifyHomePageLoaded -->
        <test-method is-config="true" signature="tearDown()[pri:0, instance:tests.HomePageTest@77847718]" started-at="2026-02-15T01:40:50 IST" name="tearDown" finished-at="2026-02-15T01:40:50 IST" duration-ms="297" status="PASS">
          <reporter-output>
          </reporter-output>
        </test-method> <!-- tearDown -->
        <test-method is-config="true" signature="setUp()[pri:0, instance:tests.HomePageTest@77847718]" started-at="2026-02-15T01:40:50 IST" name="setUp" finished-at="2026-02-15T01:40:57 IST" duration-ms="7548" status="PASS">
          <reporter-output>
          </reporter-output>
        </test-method> <!-- setUp -->
        <test-method signature="verifyScrollUpFeature()[pri:0, instance:tests.HomePageTest@77847718]" started-at="2026-02-15T01:40:57 IST" name="verifyScrollUpFeature" finished-at="2026-02-15T01:40:58 IST" duration-ms="232" status="PASS">
          <reporter-output>
          </reporter-output>
        </test-method> <!-- verifyScrollUpFeature -->
        <test-method is-config="true" signature="tearDown()[pri:0, instance:tests.HomePageTest@77847718]" started-at="2026-02-15T01:40:58 IST" name="tearDown" finished-at="2026-02-15T01:40:58 IST" duration-ms="308" status="PASS">
          <reporter-output>
          </reporter-output>
        </test-method> <!-- tearDown -->
      </class> <!-- tests.HomePageTest -->
    </test> <!-- Default test -->
  </suite> <!-- Default suite -->
</testng-results>
