<?xml version="1.0" encoding="UTF-8"?>
<!-- Generated by org.testng.reporters.JUnitXMLReporter -->
<testsuite ignored="0" hostname="HITMAN" failures="1" tests="21" name="RegressionTests" time="382.153" errors="0" timestamp="2026-02-16T17:20:38 IST">
  <testcase classname="tests.ContactUsTest" name="verifyContactUsFormSubmission" time="2.352"/>
  <testcase classname="tests.ContactUsTest" name="verifyContactUsPageLoads" time="1.937"/>
  <testcase classname="tests.ContactUsTest" name="verifyFileUploadFieldEnabled" time="1.658"/>
  <testcase classname="tests.ContactUsTest" name="verifyFormSubmissionWithoutData" time="2.77"/>
  <testcase classname="tests.ContactUsTest" name="verifyInvalidEmailFormat" time="2.096"/>
  <testcase classname="tests.HomePageTest" name="verifyCategorySectionVisible" time="0.043"/>
  <testcase classname="tests.HomePageTest" name="verifyFeaturedItemsSection" time="0.023"/>
  <testcase classname="tests.HomePageTest" name="verifyFooterVisible" time="0.063"/>
  <testcase classname="tests.HomePageTest" name="verifyHomePageLoaded" time="0.041"/>
  <testcase classname="tests.HomePageTest" name="verifyScrollUpFeature" time="0.146"/>
  <testcase classname="tests.ProductsTest" name="verifyAddToCartFunctionality" time="10.465">
    <failure type="org.openqa.selenium.TimeoutException" message="Expected condition failed: waiting for visibility of [[ChromeDriver: chrome on windows (a1b8df1428fd86bd5221b27eaca0b29e)] -&amp;gt; xpath: //div[@class=&amp;apos;col-sm-9 padding-right&amp;apos;]//div[2]//div[1]//div[1]//div[2]//div[1]//a[1]] (tried for 10 second(s) with 500 milliseconds interval)
Build info: version: &amp;apos;4.22.0&amp;apos;, revision: &amp;apos;c5f3146703*&amp;apos;
System info: os.name: &amp;apos;Windows 11&amp;apos;, os.arch: &amp;apos;amd64&amp;apos;, os.version: &amp;apos;10.0&amp;apos;, java.version: &amp;apos;23.0.1&amp;apos;
Driver info: org.openqa.selenium.chrome.ChromeDriver
Capabilities {acceptInsecureCerts: false, browserName: chrome, browserVersion: 144.0.7559.133, chrome: {chromedriverVersion: 144.0.7559.133 (7da823b1d59..., userDataDir: C:\Users\ASUS\AppData\Local...}, fedcm:accounts: true, goog:chromeOptions: {debuggerAddress: localhost:55022}, goog:processID: 12432, networkConnectionEnabled: false, pageLoadStrategy: normal, platformName: windows, proxy: Proxy(), se:cdp: ws://localhost:55022/devtoo..., se:cdpVersion: 144.0.7559.133, setWindowRect: true, strictFileInteractability: false, timeouts: {implicit: 0, pageLoad: 300000, script: 30000}, unhandledPromptBehavior: dismiss and notify, webauthn:extension:credBlob: true, webauthn:extension:largeBlob: true, webauthn:extension:minPinLength: true, webauthn:extension:prf: true, webauthn:virtualAuthenticators: true}
Session ID: a1b8df1428fd86bd5221b27eaca0b29e">
      <![CDATA[org.openqa.selenium.TimeoutException: Expected condition failed: waiting for visibility of [[ChromeDriver: chrome on windows (a1b8df1428fd86bd5221b27eaca0b29e)] -> xpath: //div[@class='col-sm-9 padding-right']//div[2]//div[1]//div[1]//div[2]//div[1]//a[1]] (tried for 10 second(s) with 500 milliseconds interval)
Build info: version: '4.22.0', revision: 'c5f3146703*'
System info: os.name: 'Windows 11', os.arch: 'amd64', os.version: '10.0', java.version: '23.0.1'
Driver info: org.openqa.selenium.chrome.ChromeDriver
Capabilities {acceptInsecureCerts: false, browserName: chrome, browserVersion: 144.0.7559.133, chrome: {chromedriverVersion: 144.0.7559.133 (7da823b1d59..., userDataDir: C:\Users\ASUS\AppData\Local...}, fedcm:accounts: true, goog:chromeOptions: {debuggerAddress: localhost:55022}, goog:processID: 12432, networkConnectionEnabled: false, pageLoadStrategy: normal, platformName: windows, proxy: Proxy(), se:cdp: ws://localhost:55022/devtoo..., se:cdpVersion: 144.0.7559.133, setWindowRect: true, strictFileInteractability: false, timeouts: {implicit: 0, pageLoad: 300000, script: 30000}, unhandledPromptBehavior: dismiss and notify, webauthn:extension:credBlob: true, webauthn:extension:largeBlob: true, webauthn:extension:minPinLength: true, webauthn:extension:prf: true, webauthn:virtualAuthenticators: true}
Session ID: a1b8df1428fd86bd5221b27eaca0b29e
at org.openqa.selenium.support.ui.WebDriverWait.timeoutException(WebDriverWait.java:84)
at org.openqa.selenium.support.ui.FluentWait.until(FluentWait.java:228)
at pages.ProductsPage.clickFirstAddToCart(ProductsPage.java:99)
at tests.ProductsTest.verifyAddToCartFunctionality(ProductsTest.java:67)
at java.base/java.util.ArrayList.forEach(ArrayList.java:1597)
... Removed 25 stack frames]]>
    </failure>
  </testcase> <!-- verifyAddToCartFunctionality -->
  <testcase classname="tests.ProductsTest" name="verifyAllProductsDisplayed" time="3.232"/>
  <testcase classname="tests.ProductsTest" name="verifyProductsPageLoads" time="2.149"/>
  <testcase classname="tests.ProductsTest" name="verifySearchProduct" time="11.938"/>
  <testcase classname="tests.ProductsTest" name="verifyViewProductNavigation" time="117.78"/>
  <testcase classname="tests.LoginTest" name="verifyLoginWithValidCredentials" time="26.899"/>
  <testcase classname="tests.LoginTest" name="verifyLoginWithInvalidCredentials" time="1.697"/>
  <testcase classname="tests.LoginTest" name="verifyLogoutFunctionality" time="3.425"/>
  <testcase classname="tests.CartTest" name="verifyCartPageNavigation" time="1.935"/>
  <testcase classname="tests.CartTest" name="verifyProductDetailsInCart" time="10.194"/>
  <testcase classname="tests.CartTest" name="verifyRemoveProductFromCart" time="5.996"/>
</testsuite> <!-- RegressionTests -->
