<?xml version="1.0" encoding="UTF-8"?>
<!-- Generated by org.testng.reporters.JUnitXMLReporter -->
<testsuite ignored="0" hostname="Vishal" failures="1" tests="6" name="RegressionTests" time="68.329" errors="0" timestamp="2026-02-16T10:15:27 IST">
  <testcase classname="tests.ContactUsTest" name="verifyContactUsFormSubmission" time="3.912">
    <failure type="org.openqa.selenium.InvalidArgumentException" message="invalid argument: File not found : D:\HCL_Projects\EcommerceProjectTesting\test-data\sample.txt
  (Session info: chrome=144.0.7559.133)
Build info: version: &amp;apos;4.22.0&amp;apos;, revision: &amp;apos;c5f3146703*&amp;apos;
System info: os.name: &amp;apos;Windows 11&amp;apos;, os.arch: &amp;apos;amd64&amp;apos;, os.version: &amp;apos;10.0&amp;apos;, java.version: &amp;apos;17.0.17&amp;apos;
Driver info: org.openqa.selenium.chrome.ChromeDriver
Command: [e0fd53d6eb6503fab74c156d64b707e0, sendKeysToElement {value=[Ljava.lang.CharSequence;@777c9dc9, id=f.3F4099A924B23498EFD7B4786A4D1F03.d.440F473205B4357E90667F70ADCEC368.e.29}]
Capabilities {acceptInsecureCerts: false, browserName: chrome, browserVersion: 144.0.7559.133, chrome: {chromedriverVersion: 144.0.7559.133 (7da823b1d59..., userDataDir: C:\Users\ASUS\AppData\Local...}, fedcm:accounts: true, goog:chromeOptions: {debuggerAddress: localhost:63297}, goog:processID: 15488, networkConnectionEnabled: false, pageLoadStrategy: normal, platformName: windows, proxy: Proxy(), se:cdp: ws://localhost:63297/devtoo..., se:cdpVersion: 144.0.7559.133, setWindowRect: true, strictFileInteractability: false, timeouts: {implicit: 0, pageLoad: 300000, script: 30000}, unhandledPromptBehavior: dismiss and notify, webauthn:extension:credBlob: true, webauthn:extension:largeBlob: true, webauthn:extension:minPinLength: true, webauthn:extension:prf: true, webauthn:virtualAuthenticators: true}
Element: [[ChromeDriver: chrome on windows (e0fd53d6eb6503fab74c156d64b707e0)] -&amp;gt; name: upload_file]
Session ID: e0fd53d6eb6503fab74c156d64b707e0">
      <![CDATA[org.openqa.selenium.InvalidArgumentException: invalid argument: File not found : D:\HCL_Projects\EcommerceProjectTesting\test-data\sample.txt
  (Session info: chrome=144.0.7559.133)
Build info: version: '4.22.0', revision: 'c5f3146703*'
System info: os.name: 'Windows 11', os.arch: 'amd64', os.version: '10.0', java.version: '17.0.17'
Driver info: org.openqa.selenium.chrome.ChromeDriver
Command: [e0fd53d6eb6503fab74c156d64b707e0, sendKeysToElement {value=[Ljava.lang.CharSequence;@777c9dc9, id=f.3F4099A924B23498EFD7B4786A4D1F03.d.440F473205B4357E90667F70ADCEC368.e.29}]
Capabilities {acceptInsecureCerts: false, browserName: chrome, browserVersion: 144.0.7559.133, chrome: {chromedriverVersion: 144.0.7559.133 (7da823b1d59..., userDataDir: C:\Users\ASUS\AppData\Local...}, fedcm:accounts: true, goog:chromeOptions: {debuggerAddress: localhost:63297}, goog:processID: 15488, networkConnectionEnabled: false, pageLoadStrategy: normal, platformName: windows, proxy: Proxy(), se:cdp: ws://localhost:63297/devtoo..., se:cdpVersion: 144.0.7559.133, setWindowRect: true, strictFileInteractability: false, timeouts: {implicit: 0, pageLoad: 300000, script: 30000}, unhandledPromptBehavior: dismiss and notify, webauthn:extension:credBlob: true, webauthn:extension:largeBlob: true, webauthn:extension:minPinLength: true, webauthn:extension:prf: true, webauthn:virtualAuthenticators: true}
Element: [[ChromeDriver: chrome on windows (e0fd53d6eb6503fab74c156d64b707e0)] -> name: upload_file]
Session ID: e0fd53d6eb6503fab74c156d64b707e0
at org.openqa.selenium.remote.ErrorCodec.decode(ErrorCodec.java:167)
at org.openqa.selenium.remote.codec.w3c.W3CHttpResponseCodec.decode(W3CHttpResponseCodec.java:138)
at org.openqa.selenium.remote.codec.w3c.W3CHttpResponseCodec.decode(W3CHttpResponseCodec.java:50)
at org.openqa.selenium.remote.HttpCommandExecutor.execute(HttpCommandExecutor.java:190)
at org.openqa.selenium.remote.service.DriverCommandExecutor.invokeExecute(DriverCommandExecutor.java:216)
at org.openqa.selenium.remote.service.DriverCommandExecutor.execute(DriverCommandExecutor.java:174)
at org.openqa.selenium.remote.RemoteWebDriver.execute(RemoteWebDriver.java:518)
at org.openqa.selenium.remote.RemoteWebElement.execute(RemoteWebElement.java:223)
at org.openqa.selenium.remote.RemoteWebElement.sendKeys(RemoteWebElement.java:110)
at org.openqa.selenium.support.pagefactory.internal.LocatingElementHandler.invoke(LocatingElementHandler.java:51)
at jdk.proxy2/jdk.proxy2.$Proxy14.sendKeys(Unknown Source)
at pages.ContactUsPage.uploadFile(ContactUsPage.java:62)
at tests.ContactUsTest.verifyContactUsFormSubmission(ContactUsTest.java:20)
at java.base/java.util.ArrayList.forEach(ArrayList.java:1511)
... Removed 36 stack frames]]>
    </failure>
  </testcase> <!-- verifyContactUsFormSubmission -->
  <testcase classname="tests.ContactUsTest" name="verifyContactUsPageLoads" time="2.942"/>
  <testcase classname="tests.ContactUsTest" name="verifyFileUploadFieldEnabled" time="2.356"/>
  <testcase classname="tests.ContactUsTest" name="verifyFormSubmissionWithoutData" time="2.628"/>
  <testcase classname="tests.ContactUsTest" name="verifyInvalidEmailFormat" time="6.7"/>
  <testcase classname="tests.HomePageTest" name="verifyCategorySectionVisible" time="0.061"/>
</testsuite> <!-- RegressionTests -->
