<?xml version="1.0" encoding="UTF-8"?>
<!-- Generated by org.testng.reporters.JUnitReportReporter -->
<testsuite hostname="HITMAN" failures="0" tests="3" name="tests.CartTest" time="41.136" errors="0" timestamp="2026-02-16T17:20:39 IST" skipped="0">
  <testcase classname="tests.CartTest" name="verifyProductDetailsInCart" time="14.884"/>
  <testcase classname="tests.CartTest" name="verifyRemoveProductFromCart" time="10.058"/>
  <testcase classname="tests.CartTest" name="verifyCartPageNavigation" time="16.194"/>
</testsuite> <!-- tests.CartTest -->
