<?xml version="1.0" encoding="UTF-8"?>
<!-- Generated by org.testng.reporters.JUnitReportReporter -->
<testsuite hostname="HITMAN" failures="0" tests="3" name="tests.LoginTest" time="96.296" errors="0" timestamp="2026-02-16T17:20:39 IST" skipped="0">
  <testcase classname="tests.LoginTest" name="verifyLoginWithValidCredentials" time="33.994"/>
  <testcase classname="tests.LoginTest" name="verifyLoginWithInvalidCredentials" time="7.214"/>
  <testcase classname="tests.LoginTest" name="verifyLogoutFunctionality" time="55.088"/>
</testsuite> <!-- tests.LoginTest -->
