<?xml version="1.0" encoding="UTF-8"?>
<!-- Generated by org.testng.reporters.JUnitReportReporter -->
<testsuite hostname="Vishal" failures="0" tests="3" name="tests.LoginTest" time="154.443" errors="0" timestamp="2026-02-16T09:59:17 IST" skipped="0">
  <testcase classname="tests.LoginTest" name="verifyLoginWithValidCredentials" time="92.685"/>
  <testcase classname="tests.LoginTest" name="verifyLoginWithInvalidCredentials" time="22.899"/>
  <testcase classname="tests.LoginTest" name="verifyLogoutFunctionality" time="38.859"/>
</testsuite> <!-- tests.LoginTest -->
