<?xml version="1.0" encoding="UTF-8"?>
<!-- Generated by org.testng.reporters.JUnitReportReporter -->
<testsuite hostname="LAPTOP-3I6BT7LJ" failures="0" tests="5" name="tests.HomePageTest" time="45.069" errors="0" timestamp="2026-02-15T01:40:58 IST" skipped="0">
  <testcase classname="tests.HomePageTest" name="verifyHomePageLoaded" time="7.541"/>
  <testcase classname="tests.HomePageTest" name="verifyCategorySectionVisible" time="7.749"/>
  <testcase classname="tests.HomePageTest" name="verifyFooterVisible" time="8.229"/>
  <testcase classname="tests.HomePageTest" name="verifyFeaturedItemsSection" time="13.427"/>
  <testcase classname="tests.HomePageTest" name="verifyScrollUpFeature" time="8.123"/>
</testsuite> <!-- tests.HomePageTest -->
