<?xml version="1.0" encoding="UTF-8"?>
<!-- Generated by org.testng.reporters.JUnitReportReporter -->
<testsuite hostname="KUNDU" failures="0" tests="5" name="tests.HomePageTest" time="28.921" errors="0" timestamp="2026-02-16T10:12:59 IST" skipped="0">
  <testcase classname="tests.HomePageTest" name="verifyFeaturedItemsSection" time="4.161"/>
  <testcase classname="tests.HomePageTest" name="verifyCategorySectionVisible" time="4.874"/>
  <testcase classname="tests.HomePageTest" name="verifyScrollUpFeature" time="8.053"/>
  <testcase classname="tests.HomePageTest" name="verifyFooterVisible" time="5.475"/>
  <testcase classname="tests.HomePageTest" name="verifyHomePageLoaded" time="6.358"/>
</testsuite> <!-- tests.HomePageTest -->
