<?xml version="1.0" encoding="UTF-8"?>
<!-- Generated by org.testng.reporters.JUnitReportReporter -->
<testsuite hostname="HITMAN" failures="0" tests="5" name="tests.ContactUsTest" time="31.173" errors="0" timestamp="2026-02-16T17:20:39 IST" skipped="0">
  <testcase classname="tests.ContactUsTest" name="verifyContactUsFormSubmission" time="6.800"/>
  <testcase classname="tests.ContactUsTest" name="verifyInvalidEmailFormat" time="5.935"/>
  <testcase classname="tests.ContactUsTest" name="verifyFormSubmissionWithoutData" time="7.055"/>
  <testcase classname="tests.ContactUsTest" name="verifyFileUploadFieldEnabled" time="4.675"/>
  <testcase classname="tests.ContactUsTest" name="verifyContactUsPageLoads" time="6.708"/>
</testsuite> <!-- tests.ContactUsTest -->
