<?xml version="1.0" encoding="UTF-8"?>
<!-- Generated by org.testng.reporters.JUnitXMLReporter -->
<testsuite ignored="4" hostname="HITMAN" failures="0" tests="1" name="Default test" time="11.229" errors="0" timestamp="2026-02-16T10:29:58 IST">
  <testcase classname="tests.ContactUsTest" name="verifyFileUploadFieldEnabled" time="1.989"/>
  <testcase classname="tests.ContactUsTest" name="verifyInvalidEmailFormat" time="0.0">
    <ignored/>
  </testcase> <!-- verifyInvalidEmailFormat -->
  <testcase classname="tests.ContactUsTest" name="verifyFormSubmissionWithoutData" time="0.0">
    <ignored/>
  </testcase> <!-- verifyFormSubmissionWithoutData -->
  <testcase classname="tests.ContactUsTest" name="verifyContactUsPageLoads" time="0.0">
    <ignored/>
  </testcase> <!-- verifyContactUsPageLoads -->
  <testcase classname="tests.ContactUsTest" name="verifyContactUsFormSubmission" time="0.0">
    <ignored/>
  </testcase> <!-- verifyContactUsFormSubmission -->
</testsuite> <!-- Default test -->
