<?xml version="1.0" encoding="UTF-8"?>
<!-- Generated by org.testng.reporters.JUnitXMLReporter -->
<testsuite ignored="0" hostname="LAPTOP-3I6BT7LJ" failures="0" tests="5" name="Default test" time="45.159" errors="0" timestamp="2026-02-15T01:40:58 IST">
  <testcase classname="tests.HomePageTest" name="verifyCategorySectionVisible" time="0.17"/>
  <testcase classname="tests.HomePageTest" name="verifyFeaturedItemsSection" time="0.089"/>
  <testcase classname="tests.HomePageTest" name="verifyFooterVisible" time="0.116"/>
  <testcase classname="tests.HomePageTest" name="verifyHomePageLoaded" time="0.071"/>
  <testcase classname="tests.HomePageTest" name="verifyScrollUpFeature" time="0.232"/>
</testsuite> <!-- Default test -->
